[3.890s] DEBUG:colcon:Command line arguments: ['/usr/bin/colcon', 'build']
[3.891s] DEBUG:colcon:Parsed command line arguments: Namespace(log_base=None, log_level=None, verb_name='build', build_base='build', install_base='install', merge_install=False, symlink_install=False, test_result_base=None, continue_on_error=False, executor='parallel', parallel_workers=4, event_handlers=None, ignore_user_meta=False, metas=['./colcon.meta'], base_paths=['.'], packages_ignore=None, packages_ignore_regex=None, paths=None, packages_up_to=None, packages_up_to_regex=None, packages_above=None, packages_above_and_dependencies=None, packages_above_depth=None, packages_select_by_dep=None, packages_skip_by_dep=None, packages_skip_up_to=None, packages_select_build_failed=False, packages_skip_build_finished=False, packages_select_test_failures=False, packages_skip_test_passed=False, packages_select=None, packages_skip=None, packages_select_regex=None, packages_skip_regex=None, packages_start=None, packages_end=None, allow_overriding=[], cmake_args=None, cmake_target=None, cmake_target_skip_unavailable=False, cmake_clean_cache=False, cmake_clean_first=False, cmake_force_configure=False, ament_cmake_args=None, catkin_cmake_args=None, catkin_skip_building_tests=False, verb_parser=<colcon_defaults.argument_parser.defaults.DefaultArgumentsDecorator object at 0xffff8f9ebfa0>, verb_extension=<colcon_core.verb.build.BuildVerb object at 0xffff8fcd5060>, main=<bound method BuildVerb.main of <colcon_core.verb.build.BuildVerb object at 0xffff8fcd5060>>)
[4.095s] Level 1:colcon.colcon_core.package_discovery:discover_packages(colcon_meta) check parameters
[4.096s] Level 1:colcon.colcon_core.package_discovery:discover_packages(recursive) check parameters
[4.096s] Level 1:colcon.colcon_core.package_discovery:discover_packages(ignore) check parameters
[4.096s] Level 1:colcon.colcon_core.package_discovery:discover_packages(path) check parameters
[4.096s] Level 1:colcon.colcon_core.package_discovery:discover_packages(colcon_meta) discover
[4.097s] Level 1:colcon.colcon_core.package_discovery:discover_packages(recursive) discover
[4.097s] INFO:colcon.colcon_core.package_discovery:Crawling recursively for packages in '/home/pi/ws_ruka/src/Raspberry_Cyphal_ruka'
[4.098s] Level 1:colcon.colcon_core.package_identification:_identify(.) by extensions ['ignore', 'ignore_ament_install']
[4.098s] Level 1:colcon.colcon_core.package_identification:_identify(.) by extension 'ignore'
[4.099s] Level 1:colcon.colcon_core.package_identification:_identify(.) by extension 'ignore_ament_install'
[4.099s] Level 1:colcon.colcon_core.package_identification:_identify(.) by extensions ['colcon_pkg']
[4.099s] Level 1:colcon.colcon_core.package_identification:_identify(.) by extension 'colcon_pkg'
[4.100s] Level 1:colcon.colcon_core.package_identification:_identify(.) by extensions ['colcon_meta']
[4.100s] Level 1:colcon.colcon_core.package_identification:_identify(.) by extension 'colcon_meta'
[4.100s] Level 1:colcon.colcon_core.package_identification:_identify(.) by extensions ['ros']
[4.100s] Level 1:colcon.colcon_core.package_identification:_identify(.) by extension 'ros'
[4.191s] DEBUG:colcon.colcon_core.package_identification:Package '.' with type 'ros.ament_cmake' and name 'ruka'
[4.191s] Level 1:colcon.colcon_core.package_discovery:discover_packages(recursive) using defaults
[4.192s] Level 1:colcon.colcon_core.package_discovery:discover_packages(ignore) discover
[4.192s] Level 1:colcon.colcon_core.package_discovery:discover_packages(ignore) using defaults
[4.192s] Level 1:colcon.colcon_core.package_discovery:discover_packages(path) discover
[4.192s] Level 1:colcon.colcon_core.package_discovery:discover_packages(path) using defaults
[4.606s] Level 1:colcon.colcon_core.package_discovery:discover_packages(prefix_path) check parameters
[4.606s] Level 1:colcon.colcon_core.package_discovery:discover_packages(prefix_path) discover
[4.662s] WARNING:colcon.colcon_core.prefix_path.colcon:The path '/home/pi/ws_ruka/install' in the environment variable COLCON_PREFIX_PATH doesn't exist
[4.663s] WARNING:colcon.colcon_ros.prefix_path.ament:The path '/home/pi/ws_ruka/install/ruka' in the environment variable AMENT_PREFIX_PATH doesn't exist
[4.665s] WARNING:colcon.colcon_ros.prefix_path.catkin:The path '/home/pi/ws_ruka/install/ruka' in the environment variable CMAKE_PREFIX_PATH doesn't exist
[4.722s] DEBUG:colcon.colcon_installed_package_information.package_discovery:Found 5 installed packages in /home/pi/uros_ws/install
[4.786s] DEBUG:colcon.colcon_installed_package_information.package_discovery:Found 284 installed packages in /opt/ros/iron
[4.792s] Level 1:colcon.colcon_core.package_discovery:discover_packages(prefix_path) using defaults
[5.117s] Level 5:colcon.colcon_core.verb:set package 'ruka' build argument 'cmake_args' from command line to 'None'
[5.118s] Level 5:colcon.colcon_core.verb:set package 'ruka' build argument 'cmake_target' from command line to 'None'
[5.118s] Level 5:colcon.colcon_core.verb:set package 'ruka' build argument 'cmake_target_skip_unavailable' from command line to 'False'
[5.118s] Level 5:colcon.colcon_core.verb:set package 'ruka' build argument 'cmake_clean_cache' from command line to 'False'
[5.118s] Level 5:colcon.colcon_core.verb:set package 'ruka' build argument 'cmake_clean_first' from command line to 'False'
[5.118s] Level 5:colcon.colcon_core.verb:set package 'ruka' build argument 'cmake_force_configure' from command line to 'False'
[5.118s] Level 5:colcon.colcon_core.verb:set package 'ruka' build argument 'ament_cmake_args' from command line to 'None'
[5.118s] Level 5:colcon.colcon_core.verb:set package 'ruka' build argument 'catkin_cmake_args' from command line to 'None'
[5.118s] Level 5:colcon.colcon_core.verb:set package 'ruka' build argument 'catkin_skip_building_tests' from command line to 'False'
[5.118s] DEBUG:colcon.colcon_core.verb:Building package 'ruka' with the following arguments: {'ament_cmake_args': None, 'build_base': '/home/pi/ws_ruka/src/Raspberry_Cyphal_ruka/build/ruka', 'catkin_cmake_args': None, 'catkin_skip_building_tests': False, 'cmake_args': None, 'cmake_clean_cache': False, 'cmake_clean_first': False, 'cmake_force_configure': False, 'cmake_target': None, 'cmake_target_skip_unavailable': False, 'install_base': '/home/pi/ws_ruka/src/Raspberry_Cyphal_ruka/install/ruka', 'merge_install': False, 'path': '/home/pi/ws_ruka/src/Raspberry_Cyphal_ruka', 'symlink_install': False, 'test_result_base': None}
[5.172s] INFO:colcon.colcon_core.executor:Executing jobs using 'parallel' executor
[5.228s] DEBUG:colcon.colcon_parallel_executor.executor.parallel:run_until_complete
[5.229s] INFO:colcon.colcon_ros.task.ament_cmake.build:Building ROS package in '/home/pi/ws_ruka/src/Raspberry_Cyphal_ruka' with build type 'ament_cmake'
[5.230s] INFO:colcon.colcon_cmake.task.cmake.build:Building CMake package in '/home/pi/ws_ruka/src/Raspberry_Cyphal_ruka'
[5.293s] INFO:colcon.colcon_core.plugin_system:Skipping extension 'colcon_core.shell.bat': Not used on non-Windows systems
[5.294s] INFO:colcon.colcon_core.shell:Skip shell extension 'powershell' for command environment: Not usable outside of PowerShell
[5.294s] DEBUG:colcon.colcon_core.shell:Skip shell extension 'dsv' for command environment
[5.493s] DEBUG:colcon.colcon_core.event_handler.log_command:Invoking command in '/home/pi/ws_ruka/src/Raspberry_Cyphal_ruka/build/ruka': CMAKE_PREFIX_PATH=${CMAKE_PREFIX_PATH}:/opt/ros/iron /usr/bin/cmake /home/pi/ws_ruka/src/Raspberry_Cyphal_ruka -DCMAKE_INSTALL_PREFIX=/home/pi/ws_ruka/src/Raspberry_Cyphal_ruka/install/ruka
[12.093s] DEBUG:colcon.colcon_parallel_executor.executor.parallel:run_until_complete was interrupted
[12.094s] DEBUG:colcon.colcon_parallel_executor.executor.parallel:run_until_complete again
[12.099s] DEBUG:colcon.colcon_core.event_handler.log_command:Invoked command in '/home/pi/ws_ruka/src/Raspberry_Cyphal_ruka/build/ruka' returned '-2': CMAKE_PREFIX_PATH=${CMAKE_PREFIX_PATH}:/opt/ros/iron /usr/bin/cmake /home/pi/ws_ruka/src/Raspberry_Cyphal_ruka -DCMAKE_INSTALL_PREFIX=/home/pi/ws_ruka/src/Raspberry_Cyphal_ruka/install/ruka
[12.138s] DEBUG:colcon.colcon_parallel_executor.executor.parallel:run_until_complete finished
[12.138s] DEBUG:colcon.colcon_parallel_executor.executor.parallel:closing loop
[12.139s] DEBUG:colcon.colcon_parallel_executor.executor.parallel:loop closed
[12.139s] DEBUG:colcon.colcon_core.event_reactor:joining thread
[12.224s] INFO:colcon.colcon_core.plugin_system:Skipping extension 'colcon_notification.desktop_notification.notify_send': Could not find 'notify-send'
[12.225s] INFO:colcon.colcon_core.plugin_system:Skipping extension 'colcon_notification.desktop_notification.terminal_notifier': Not used on non-Darwin systems
[12.225s] INFO:colcon.colcon_core.plugin_system:Skipping extension 'colcon_notification.desktop_notification.win32': Not used on non-Windows systems
[12.225s] INFO:colcon.colcon_notification.desktop_notification:Sending desktop notification using 'notify2'
[12.229s] DEBUG:colcon.colcon_notification.desktop_notification.notify2:Failed to initialize notify2: org.freedesktop.DBus.Error.ServiceUnknown: The name org.freedesktop.Notifications was not provided by any .service files
[12.230s] DEBUG:colcon.colcon_core.event_reactor:joined thread
[12.305s] INFO:colcon.colcon_core.shell:Creating prefix script '/home/pi/ws_ruka/src/Raspberry_Cyphal_ruka/install/local_setup.ps1'
[12.310s] INFO:colcon.colcon_core.shell:Creating prefix util module '/home/pi/ws_ruka/src/Raspberry_Cyphal_ruka/install/_local_setup_util_ps1.py'
[12.316s] INFO:colcon.colcon_core.shell:Creating prefix chain script '/home/pi/ws_ruka/src/Raspberry_Cyphal_ruka/install/setup.ps1'
[12.402s] INFO:colcon.colcon_core.shell:Creating prefix script '/home/pi/ws_ruka/src/Raspberry_Cyphal_ruka/install/local_setup.sh'
[12.405s] INFO:colcon.colcon_core.shell:Creating prefix util module '/home/pi/ws_ruka/src/Raspberry_Cyphal_ruka/install/_local_setup_util_sh.py'
[12.408s] INFO:colcon.colcon_core.shell:Creating prefix chain script '/home/pi/ws_ruka/src/Raspberry_Cyphal_ruka/install/setup.sh'
[12.498s] INFO:colcon.colcon_core.shell:Creating prefix script '/home/pi/ws_ruka/src/Raspberry_Cyphal_ruka/install/local_setup.bash'
[12.502s] INFO:colcon.colcon_core.shell:Creating prefix chain script '/home/pi/ws_ruka/src/Raspberry_Cyphal_ruka/install/setup.bash'
[12.616s] INFO:colcon.colcon_core.shell:Creating prefix script '/home/pi/ws_ruka/src/Raspberry_Cyphal_ruka/install/local_setup.zsh'
[12.619s] INFO:colcon.colcon_core.shell:Creating prefix chain script '/home/pi/ws_ruka/src/Raspberry_Cyphal_ruka/install/setup.zsh'
